# JRE version: Java(TM) SE Runtime Environment (8.0_221-b11) (build 1.8.0_221-b11)
# Java VM: Java HotSpot(TM) 64-Bit Server VM (25.221-b11 mixed mode windows-amd64 compressed oops)
Heap:
 PSYoungGen      total 242688K, used 136980K [0x00000000d5d80000, 0x00000000e6000000, 0x0000000100000000)
  eden space 225792K, 60% used [0x00000000d5d80000,0x00000000de3450b0,0x00000000e3a00000)
  from space 16896K, 0% used [0x00000000e4f80000,0x00000000e4f80000,0x00000000e6000000)
  to   space 18944K, 0% used [0x00000000e3b00000,0x00000000e3b00000,0x00000000e4d80000)
 ParOldGen       total 109056K, used 30454K [0x0000000081800000, 0x0000000088280000, 0x00000000d5d80000)
  object space 109056K, 27% used [0x0000000081800000,0x00000000835bd820,0x0000000088280000)
 Metaspace       used 61850K, capacity 64672K, committed 65048K, reserved 1105920K
  class space    used 8176K, capacity 8671K, committed 8744K, reserved 1048576K
GC Heap History (10 events):
Event: 6.032 GC heap before
{Heap before GC invocations=9 (full 1):
 PSYoungGen      total 116736K, used 20338K [0x00000000d5d80000, 0x00000000e1a00000, 0x0000000100000000)
  eden space 106496K, 9% used [0x00000000d5d80000,0x00000000d675ee88,0x00000000dc580000)
  from space 10240K, 99% used [0x00000000dc580000,0x00000000dcf7dbf8,0x00000000dcf80000)
  to   space 13824K, 0% used [0x00000000e0c80000,0x00000000e0c80000,0x00000000e1a00000)
 ParOldGen       total 53760K, used 9633K [0x0000000081800000, 0x0000000084c80000, 0x00000000d5d80000)
  object space 53760K, 17% used [0x0000000081800000,0x00000000821685a8,0x0000000084c80000)
 Metaspace       used 33793K, capacity 35342K, committed 35496K, reserved 1079296K
  class space    used 4384K, capacity 4682K, committed 4776K, reserved 1048576K
Event: 6.056 GC heap after
Heap after GC invocations=9 (full 1):
 PSYoungGen      total 178688K, used 10772K [0x00000000d5d80000, 0x00000000e2f80000, 0x0000000100000000)
  eden space 164864K, 0% used [0x00000000d5d80000,0x00000000d5d80000,0x00000000dfe80000)
  from space 13824K, 77% used [0x00000000e0c80000,0x00000000e1705128,0x00000000e1a00000)
  to   space 14336K, 0% used [0x00000000dfe80000,0x00000000dfe80000,0x00000000e0c80000)
 ParOldGen       total 53760K, used 9641K [0x0000000081800000, 0x0000000084c80000, 0x00000000d5d80000)
  object space 53760K, 17% used [0x0000000081800000,0x000000008216a5a8,0x0000000084c80000)
 Metaspace       used 33793K, capacity 35342K, committed 35496K, reserved 1079296K
  class space    used 4384K, capacity 4682K, committed 4776K, reserved 1048576K
}
Event: 6.056 GC heap before
{Heap before GC invocations=10 (full 2):
 PSYoungGen      total 178688K, used 10772K [0x00000000d5d80000, 0x00000000e2f80000, 0x0000000100000000)
  eden space 164864K, 0% used [0x00000000d5d80000,0x00000000d5d80000,0x00000000dfe80000)
  from space 13824K, 77% used [0x00000000e0c80000,0x00000000e1705128,0x00000000e1a00000)
  to   space 14336K, 0% used [0x00000000dfe80000,0x00000000dfe80000,0x00000000e0c80000)
 ParOldGen       total 53760K, used 9641K [0x0000000081800000, 0x0000000084c80000, 0x00000000d5d80000)
  object space 53760K, 17% used [0x0000000081800000,0x000000008216a5a8,0x0000000084c80000)
 Metaspace       used 33793K, capacity 35342K, committed 35496K, reserved 1079296K
  class space    used 4384K, capacity 4682K, committed 4776K, reserved 1048576K
Event: 6.168 GC heap after
Heap after GC invocations=10 (full 2):
 PSYoungGen      total 178688K, used 0K [0x00000000d5d80000, 0x00000000e2f80000, 0x0000000100000000)
  eden space 164864K, 0% used [0x00000000d5d80000,0x00000000d5d80000,0x00000000dfe80000)
  from space 13824K, 0% used [0x00000000e0c80000,0x00000000e0c80000,0x00000000e1a00000)
  to   space 14336K, 0% used [0x00000000dfe80000,0x00000000dfe80000,0x00000000e0c80000)
 ParOldGen       total 78336K, used 15950K [0x0000000081800000, 0x0000000086480000, 0x00000000d5d80000)
  object space 78336K, 20% used [0x0000000081800000,0x0000000082793800,0x0000000086480000)
 Metaspace       used 33793K, capacity 35342K, committed 35496K, reserved 1079296K
  class space    used 4384K, capacity 4682K, committed 4776K, reserved 1048576K
}
Event: 8.938 GC heap before
{Heap before GC invocations=11 (full 2):
 PSYoungGen      total 178688K, used 164864K [0x00000000d5d80000, 0x00000000e2f80000, 0x0000000100000000)
  eden space 164864K, 100% used [0x00000000d5d80000,0x00000000dfe80000,0x00000000dfe80000)
  from space 13824K, 0% used [0x00000000e0c80000,0x00000000e0c80000,0x00000000e1a00000)
  to   space 14336K, 0% used [0x00000000dfe80000,0x00000000dfe80000,0x00000000e0c80000)
 ParOldGen       total 78336K, used 15950K [0x0000000081800000, 0x0000000086480000, 0x00000000d5d80000)
  object space 78336K, 20% used [0x0000000081800000,0x0000000082793800,0x0000000086480000)
 Metaspace       used 47321K, capacity 49084K, committed 49448K, reserved 1091584K
  class space    used 6374K, capacity 6693K, committed 6696K, reserved 1048576K
Event: 8.963 GC heap after
Heap after GC invocations=11 (full 2):
 PSYoungGen      total 179200K, used 14305K [0x00000000d5d80000, 0x00000000e6080000, 0x0000000100000000)
  eden space 164864K, 0% used [0x00000000d5d80000,0x00000000d5d80000,0x00000000dfe80000)
  from space 14336K, 99% used [0x00000000dfe80000,0x00000000e0c78718,0x00000000e0c80000)
  to   space 17408K, 0% used [0x00000000e4f80000,0x00000000e4f80000,0x00000000e6080000)
 ParOldGen       total 78336K, used 18339K [0x0000000081800000, 0x0000000086480000, 0x00000000d5d80000)
  object space 78336K, 23% used [0x0000000081800000,0x00000000829e8e40,0x0000000086480000)
 Metaspace       used 47321K, capacity 49084K, committed 49448K, reserved 1091584K
  class space    used 6374K, capacity 6693K, committed 6696K, reserved 1048576K
}
Event: 11.144 GC heap before
{Heap before GC invocations=12 (full 2):
 PSYoungGen      total 179200K, used 156832K [0x00000000d5d80000, 0x00000000e6080000, 0x0000000100000000)
  eden space 164864K, 86% used [0x00000000d5d80000,0x00000000de8afa40,0x00000000dfe80000)
  from space 14336K, 99% used [0x00000000dfe80000,0x00000000e0c78718,0x00000000e0c80000)
  to   space 17408K, 0% used [0x00000000e4f80000,0x00000000e4f80000,0x00000000e6080000)
 ParOldGen       total 78336K, used 18339K [0x0000000081800000, 0x0000000086480000, 0x00000000d5d80000)
  object space 78336K, 23% used [0x0000000081800000,0x00000000829e8e40,0x0000000086480000)
 Metaspace       used 56697K, capacity 59090K, committed 59160K, reserved 1099776K
  class space    used 7734K, capacity 8162K, committed 8232K, reserved 1048576K
Event: 11.175 GC heap after
Heap after GC invocations=12 (full 2):
 PSYoungGen      total 242688K, used 16616K [0x00000000d5d80000, 0x00000000e6000000, 0x0000000100000000)
  eden space 225792K, 0% used [0x00000000d5d80000,0x00000000d5d80000,0x00000000e3a00000)
  from space 16896K, 98% used [0x00000000e4f80000,0x00000000e5fba0f8,0x00000000e6000000)
  to   space 18944K, 0% used [0x00000000e3b00000,0x00000000e3b00000,0x00000000e4d80000)
 ParOldGen       total 78336K, used 18347K [0x0000000081800000, 0x0000000086480000, 0x00000000d5d80000)
  object space 78336K, 23% used [0x0000000081800000,0x00000000829eae40,0x0000000086480000)
 Metaspace       used 56697K, capacity 59090K, committed 59160K, reserved 1099776K
  class space    used 7734K, capacity 8162K, committed 8232K, reserved 1048576K
}
Event: 11.175 GC heap before
{Heap before GC invocations=13 (full 3):
 PSYoungGen      total 242688K, used 16616K [0x00000000d5d80000, 0x00000000e6000000, 0x0000000100000000)
  eden space 225792K, 0% used [0x00000000d5d80000,0x00000000d5d80000,0x00000000e3a00000)
  from space 16896K, 98% used [0x00000000e4f80000,0x00000000e5fba0f8,0x00000000e6000000)
  to   space 18944K, 0% used [0x00000000e3b00000,0x00000000e3b00000,0x00000000e4d80000)
 ParOldGen       total 78336K, used 18347K [0x0000000081800000, 0x0000000086480000, 0x00000000d5d80000)
  object space 78336K, 23% used [0x0000000081800000,0x00000000829eae40,0x0000000086480000)
 Metaspace       used 56697K, capacity 59090K, committed 59160K, reserved 1099776K
  class space    used 7734K, capacity 8162K, committed 8232K, reserved 1048576K
Event: 11.412 GC heap after
Heap after GC invocations=13 (full 3):
 PSYoungGen      total 242688K, used 0K [0x00000000d5d80000, 0x00000000e6000000, 0x0000000100000000)
  eden space 225792K, 0% used [0x00000000d5d80000,0x00000000d5d80000,0x00000000e3a00000)
  from space 16896K, 0% used [0x00000000e4f80000,0x00000000e4f80000,0x00000000e6000000)
  to   space 18944K, 0% used [0x00000000e3b00000,0x00000000e3b00000,0x00000000e4d80000)
 ParOldGen       total 109056K, used 30454K [0x0000000081800000, 0x0000000088280000, 0x00000000d5d80000)
  object space 109056K, 27% used [0x0000000081800000,0x00000000835bd820,0x0000000088280000)
 Metaspace       used 56697K, capacity 59090K, committed 59160K, reserved 1099776K
  class space    used 7734K, capacity 8162K, committed 8232K, reserved 1048576K
}

