# JRE version: Java(TM) SE Runtime Environment (8.0_221-b11) (build 1.8.0_221-b11)
# Java VM: Java HotSpot(TM) 64-Bit Server VM (25.221-b11 mixed mode windows-amd64 compressed oops)
Heap:
 PSYoungGen      total 186880K, used 117038K [0x00000000d5d80000, 0x00000000e4180000, 0x0000000100000000)
  eden space 173056K, 67% used [0x00000000d5d80000,0x00000000dcfcb890,0x00000000e0680000)
  from space 13824K, 0% used [0x00000000e1480000,0x00000000e1480000,0x00000000e2200000)
  to   space 14336K, 0% used [0x00000000e0680000,0x00000000e0680000,0x00000000e1480000)
 ParOldGen       total 69120K, used 15736K [0x0000000081800000, 0x0000000085b80000, 0x00000000d5d80000)
  object space 69120K, 22% used [0x0000000081800000,0x000000008275e000,0x0000000085b80000)
 Metaspace       used 42940K, capacity 44658K, committed 45096K, reserved 1087488K
  class space    used 5740K, capacity 6076K, committed 6184K, reserved 1048576K
GC Heap History (10 events):
Event: 17.748 GC heap before
{Heap before GC invocations=6 (full 1):
 PSYoungGen      total 71680K, used 66515K [0x00000000d5d80000, 0x00000000da880000, 0x0000000100000000)
  eden space 66560K, 99% used [0x00000000d5d80000,0x00000000d9e74c50,0x00000000d9e80000)
  from space 5120K, 0% used [0x00000000da380000,0x00000000da380000,0x00000000da880000)
  to   space 5120K, 0% used [0x00000000d9e80000,0x00000000d9e80000,0x00000000da380000)
 ParOldGen       total 51712K, used 5308K [0x0000000081800000, 0x0000000084a80000, 0x00000000d5d80000)
  object space 51712K, 10% used [0x0000000081800000,0x0000000081d2f128,0x0000000084a80000)
 Metaspace       used 23178K, capacity 23854K, committed 24240K, reserved 1071104K
  class space    used 2986K, capacity 3160K, committed 3248K, reserved 1048576K
Event: 17.770 GC heap after
Heap after GC invocations=6 (full 1):
 PSYoungGen      total 71680K, used 4258K [0x00000000d5d80000, 0x00000000ddd00000, 0x0000000100000000)
  eden space 66560K, 0% used [0x00000000d5d80000,0x00000000d5d80000,0x00000000d9e80000)
  from space 5120K, 83% used [0x00000000d9e80000,0x00000000da2a8800,0x00000000da380000)
  to   space 9216K, 0% used [0x00000000dd400000,0x00000000dd400000,0x00000000ddd00000)
 ParOldGen       total 51712K, used 5316K [0x0000000081800000, 0x0000000084a80000, 0x00000000d5d80000)
  object space 51712K, 10% used [0x0000000081800000,0x0000000081d31128,0x0000000084a80000)
 Metaspace       used 23178K, capacity 23854K, committed 24240K, reserved 1071104K
  class space    used 2986K, capacity 3160K, committed 3248K, reserved 1048576K
}
Event: 24.760 GC heap before
{Heap before GC invocations=7 (full 1):
 PSYoungGen      total 71680K, used 70818K [0x00000000d5d80000, 0x00000000ddd00000, 0x0000000100000000)
  eden space 66560K, 100% used [0x00000000d5d80000,0x00000000d9e80000,0x00000000d9e80000)
  from space 5120K, 83% used [0x00000000d9e80000,0x00000000da2a8800,0x00000000da380000)
  to   space 9216K, 0% used [0x00000000dd400000,0x00000000dd400000,0x00000000ddd00000)
 ParOldGen       total 51712K, used 5316K [0x0000000081800000, 0x0000000084a80000, 0x00000000d5d80000)
  object space 51712K, 10% used [0x0000000081800000,0x0000000081d31128,0x0000000084a80000)
 Metaspace       used 26729K, capacity 27714K, committed 27824K, reserved 1073152K
  class space    used 3486K, capacity 3710K, committed 3760K, reserved 1048576K
Event: 24.815 GC heap after
Heap after GC invocations=7 (full 1):
 PSYoungGen      total 118272K, used 8918K [0x00000000d5d80000, 0x00000000ddd00000, 0x0000000100000000)
  eden space 109056K, 0% used [0x00000000d5d80000,0x00000000d5d80000,0x00000000dc800000)
  from space 9216K, 96% used [0x00000000dd400000,0x00000000ddcb5b38,0x00000000ddd00000)
  to   space 10240K, 0% used [0x00000000dc900000,0x00000000dc900000,0x00000000dd300000)
 ParOldGen       total 51712K, used 5324K [0x0000000081800000, 0x0000000084a80000, 0x00000000d5d80000)
  object space 51712K, 10% used [0x0000000081800000,0x0000000081d33128,0x0000000084a80000)
 Metaspace       used 26729K, capacity 27714K, committed 27824K, reserved 1073152K
  class space    used 3486K, capacity 3710K, committed 3760K, reserved 1048576K
}
Event: 34.078 GC heap before
{Heap before GC invocations=8 (full 1):
 PSYoungGen      total 118272K, used 117964K [0x00000000d5d80000, 0x00000000ddd00000, 0x0000000100000000)
  eden space 109056K, 99% used [0x00000000d5d80000,0x00000000dc7fd518,0x00000000dc800000)
  from space 9216K, 96% used [0x00000000dd400000,0x00000000ddcb5b38,0x00000000ddd00000)
  to   space 10240K, 0% used [0x00000000dc900000,0x00000000dc900000,0x00000000dd300000)
 ParOldGen       total 51712K, used 5324K [0x0000000081800000, 0x0000000084a80000, 0x00000000d5d80000)
  object space 51712K, 10% used [0x0000000081800000,0x0000000081d33128,0x0000000084a80000)
 Metaspace       used 33416K, capacity 35004K, committed 35120K, reserved 1079296K
  class space    used 4335K, capacity 4649K, committed 4656K, reserved 1048576K
Event: 34.142 GC heap after
Heap after GC invocations=8 (full 1):
 PSYoungGen      total 120320K, used 10230K [0x00000000d5d80000, 0x00000000e2200000, 0x0000000100000000)
  eden space 110080K, 0% used [0x00000000d5d80000,0x00000000d5d80000,0x00000000dc900000)
  from space 10240K, 99% used [0x00000000dc900000,0x00000000dd2fd8e0,0x00000000dd300000)
  to   space 13824K, 0% used [0x00000000e1480000,0x00000000e1480000,0x00000000e2200000)
 ParOldGen       total 51712K, used 9451K [0x0000000081800000, 0x0000000084a80000, 0x00000000d5d80000)
  object space 51712K, 18% used [0x0000000081800000,0x000000008213ae88,0x0000000084a80000)
 Metaspace       used 33416K, capacity 35004K, committed 35120K, reserved 1079296K
  class space    used 4335K, capacity 4649K, committed 4656K, reserved 1048576K
}
Event: 34.568 GC heap before
{Heap before GC invocations=9 (full 1):
 PSYoungGen      total 120320K, used 15921K [0x00000000d5d80000, 0x00000000e2200000, 0x0000000100000000)
  eden space 110080K, 5% used [0x00000000d5d80000,0x00000000d630eef8,0x00000000dc900000)
  from space 10240K, 99% used [0x00000000dc900000,0x00000000dd2fd8e0,0x00000000dd300000)
  to   space 13824K, 0% used [0x00000000e1480000,0x00000000e1480000,0x00000000e2200000)
 ParOldGen       total 51712K, used 9451K [0x0000000081800000, 0x0000000084a80000, 0x00000000d5d80000)
  object space 51712K, 18% used [0x0000000081800000,0x000000008213ae88,0x0000000084a80000)
 Metaspace       used 33839K, capacity 35356K, committed 35496K, reserved 1079296K
  class space    used 4380K, capacity 4681K, committed 4776K, reserved 1048576K
Event: 34.700 GC heap after
Heap after GC invocations=9 (full 1):
 PSYoungGen      total 186880K, used 10916K [0x00000000d5d80000, 0x00000000e4180000, 0x0000000100000000)
  eden space 173056K, 0% used [0x00000000d5d80000,0x00000000d5d80000,0x00000000e0680000)
  from space 13824K, 78% used [0x00000000e1480000,0x00000000e1f29120,0x00000000e2200000)
  to   space 14336K, 0% used [0x00000000e0680000,0x00000000e0680000,0x00000000e1480000)
 ParOldGen       total 51712K, used 9459K [0x0000000081800000, 0x0000000084a80000, 0x00000000d5d80000)
  object space 51712K, 18% used [0x0000000081800000,0x000000008213ce88,0x0000000084a80000)
 Metaspace       used 33839K, capacity 35356K, committed 35496K, reserved 1079296K
  class space    used 4380K, capacity 4681K, committed 4776K, reserved 1048576K
}
Event: 34.700 GC heap before
{Heap before GC invocations=10 (full 2):
 PSYoungGen      total 186880K, used 10916K [0x00000000d5d80000, 0x00000000e4180000, 0x0000000100000000)
  eden space 173056K, 0% used [0x00000000d5d80000,0x00000000d5d80000,0x00000000e0680000)
  from space 13824K, 78% used [0x00000000e1480000,0x00000000e1f29120,0x00000000e2200000)
  to   space 14336K, 0% used [0x00000000e0680000,0x00000000e0680000,0x00000000e1480000)
 ParOldGen       total 51712K, used 9459K [0x0000000081800000, 0x0000000084a80000, 0x00000000d5d80000)
  object space 51712K, 18% used [0x0000000081800000,0x000000008213ce88,0x0000000084a80000)
 Metaspace       used 33839K, capacity 35356K, committed 35496K, reserved 1079296K
  class space    used 4380K, capacity 4681K, committed 4776K, reserved 1048576K
Event: 34.968 GC heap after
Heap after GC invocations=10 (full 2):
 PSYoungGen      total 186880K, used 0K [0x00000000d5d80000, 0x00000000e4180000, 0x0000000100000000)
  eden space 173056K, 0% used [0x00000000d5d80000,0x00000000d5d80000,0x00000000e0680000)
  from space 13824K, 0% used [0x00000000e1480000,0x00000000e1480000,0x00000000e2200000)
  to   space 14336K, 0% used [0x00000000e0680000,0x00000000e0680000,0x00000000e1480000)
 ParOldGen       total 69120K, used 15736K [0x0000000081800000, 0x0000000085b80000, 0x00000000d5d80000)
  object space 69120K, 22% used [0x0000000081800000,0x000000008275e000,0x0000000085b80000)
 Metaspace       used 33839K, capacity 35356K, committed 35496K, reserved 1079296K
  class space    used 4380K, capacity 4681K, committed 4776K, reserved 1048576K
}

