# JRE version: Java(TM) SE Runtime Environment (8.0_221-b11) (build 1.8.0_221-b11)
# Java VM: Java HotSpot(TM) 64-Bit Server VM (25.221-b11 mixed mode windows-amd64 compressed oops)
Heap:
 PSYoungGen      total 182272K, used 21283K [0x00000000d5d80000, 0x00000000e3000000, 0x0000000100000000)
  eden space 168448K, 12% used [0x00000000d5d80000,0x00000000d7248f80,0x00000000e0200000)
  from space 13824K, 0% used [0x00000000e1000000,0x00000000e1000000,0x00000000e1d80000)
  to   space 14336K, 0% used [0x00000000e0200000,0x00000000e0200000,0x00000000e1000000)
 ParOldGen       total 53760K, used 16616K [0x0000000081800000, 0x0000000084c80000, 0x00000000d5d80000)
  object space 53760K, 30% used [0x0000000081800000,0x000000008283a038,0x0000000084c80000)
 Metaspace       used 34591K, capacity 36242K, committed 36392K, reserved 1081344K
  class space    used 4487K, capacity 4806K, committed 4904K, reserved 1048576K
GC Heap History (10 events):
Event: 4.094 GC heap before
{Heap before GC invocations=6 (full 1):
 PSYoungGen      total 71680K, used 66502K [0x00000000d5d80000, 0x00000000da880000, 0x0000000100000000)
  eden space 66560K, 99% used [0x00000000d5d80000,0x00000000d9e71a20,0x00000000d9e80000)
  from space 5120K, 0% used [0x00000000da380000,0x00000000da380000,0x00000000da880000)
  to   space 5120K, 0% used [0x00000000d9e80000,0x00000000d9e80000,0x00000000da380000)
 ParOldGen       total 53760K, used 5328K [0x0000000081800000, 0x0000000084c80000, 0x00000000d5d80000)
  object space 53760K, 9% used [0x0000000081800000,0x0000000081d34218,0x0000000084c80000)
 Metaspace       used 23152K, capacity 23854K, committed 24240K, reserved 1071104K
  class space    used 2983K, capacity 3160K, committed 3248K, reserved 1048576K
Event: 4.111 GC heap after
Heap after GC invocations=6 (full 1):
 PSYoungGen      total 71680K, used 4238K [0x00000000d5d80000, 0x00000000dda80000, 0x0000000100000000)
  eden space 66560K, 0% used [0x00000000d5d80000,0x00000000d5d80000,0x00000000d9e80000)
  from space 5120K, 82% used [0x00000000d9e80000,0x00000000da2a3aa8,0x00000000da380000)
  to   space 9216K, 0% used [0x00000000dd180000,0x00000000dd180000,0x00000000dda80000)
 ParOldGen       total 53760K, used 5328K [0x0000000081800000, 0x0000000084c80000, 0x00000000d5d80000)
  object space 53760K, 9% used [0x0000000081800000,0x0000000081d34218,0x0000000084c80000)
 Metaspace       used 23152K, capacity 23854K, committed 24240K, reserved 1071104K
  class space    used 2983K, capacity 3160K, committed 3248K, reserved 1048576K
}
Event: 5.234 GC heap before
{Heap before GC invocations=7 (full 1):
 PSYoungGen      total 71680K, used 70798K [0x00000000d5d80000, 0x00000000dda80000, 0x0000000100000000)
  eden space 66560K, 100% used [0x00000000d5d80000,0x00000000d9e80000,0x00000000d9e80000)
  from space 5120K, 82% used [0x00000000d9e80000,0x00000000da2a3aa8,0x00000000da380000)
  to   space 9216K, 0% used [0x00000000dd180000,0x00000000dd180000,0x00000000dda80000)
 ParOldGen       total 53760K, used 5328K [0x0000000081800000, 0x0000000084c80000, 0x00000000d5d80000)
  object space 53760K, 9% used [0x0000000081800000,0x0000000081d34218,0x0000000084c80000)
 Metaspace       used 26615K, capacity 27574K, committed 27824K, reserved 1073152K
  class space    used 3481K, capacity 3710K, committed 3760K, reserved 1048576K
Event: 5.251 GC heap after
Heap after GC invocations=7 (full 1):
 PSYoungGen      total 116224K, used 8921K [0x00000000d5d80000, 0x00000000dda80000, 0x0000000100000000)
  eden space 107008K, 0% used [0x00000000d5d80000,0x00000000d5d80000,0x00000000dc600000)
  from space 9216K, 96% used [0x00000000dd180000,0x00000000dda36758,0x00000000dda80000)
  to   space 10240K, 0% used [0x00000000dc680000,0x00000000dc680000,0x00000000dd080000)
 ParOldGen       total 53760K, used 5336K [0x0000000081800000, 0x0000000084c80000, 0x00000000d5d80000)
  object space 53760K, 9% used [0x0000000081800000,0x0000000081d36218,0x0000000084c80000)
 Metaspace       used 26615K, capacity 27574K, committed 27824K, reserved 1073152K
  class space    used 3481K, capacity 3710K, committed 3760K, reserved 1048576K
}
Event: 7.210 GC heap before
{Heap before GC invocations=8 (full 1):
 PSYoungGen      total 116224K, used 115925K [0x00000000d5d80000, 0x00000000dda80000, 0x0000000100000000)
  eden space 107008K, 99% used [0x00000000d5d80000,0x00000000dc5fefb8,0x00000000dc600000)
  from space 9216K, 96% used [0x00000000dd180000,0x00000000dda36758,0x00000000dda80000)
  to   space 10240K, 0% used [0x00000000dc680000,0x00000000dc680000,0x00000000dd080000)
 ParOldGen       total 53760K, used 5336K [0x0000000081800000, 0x0000000084c80000, 0x00000000d5d80000)
  object space 53760K, 9% used [0x0000000081800000,0x0000000081d36218,0x0000000084c80000)
 Metaspace       used 33364K, capacity 34940K, committed 35120K, reserved 1079296K
  class space    used 4335K, capacity 4649K, committed 4656K, reserved 1048576K
Event: 7.240 GC heap after
Heap after GC invocations=8 (full 1):
 PSYoungGen      total 117760K, used 10226K [0x00000000d5d80000, 0x00000000e1d80000, 0x0000000100000000)
  eden space 107520K, 0% used [0x00000000d5d80000,0x00000000d5d80000,0x00000000dc680000)
  from space 10240K, 99% used [0x00000000dc680000,0x00000000dd07c9f8,0x00000000dd080000)
  to   space 13824K, 0% used [0x00000000e1000000,0x00000000e1000000,0x00000000e1d80000)
 ParOldGen       total 53760K, used 9534K [0x0000000081800000, 0x0000000084c80000, 0x00000000d5d80000)
  object space 53760K, 17% used [0x0000000081800000,0x000000008214f8a8,0x0000000084c80000)
 Metaspace       used 33364K, capacity 34940K, committed 35120K, reserved 1079296K
  class space    used 4335K, capacity 4649K, committed 4656K, reserved 1048576K
}
Event: 7.367 GC heap before
{Heap before GC invocations=9 (full 1):
 PSYoungGen      total 117760K, used 20542K [0x00000000d5d80000, 0x00000000e1d80000, 0x0000000100000000)
  eden space 107520K, 9% used [0x00000000d5d80000,0x00000000d67930e8,0x00000000dc680000)
  from space 10240K, 99% used [0x00000000dc680000,0x00000000dd07c9f8,0x00000000dd080000)
  to   space 13824K, 0% used [0x00000000e1000000,0x00000000e1000000,0x00000000e1d80000)
 ParOldGen       total 53760K, used 9534K [0x0000000081800000, 0x0000000084c80000, 0x00000000d5d80000)
  object space 53760K, 17% used [0x0000000081800000,0x000000008214f8a8,0x0000000084c80000)
 Metaspace       used 33795K, capacity 35356K, committed 35496K, reserved 1079296K
  class space    used 4381K, capacity 4681K, committed 4776K, reserved 1048576K
Event: 7.387 GC heap after
Heap after GC invocations=9 (full 1):
 PSYoungGen      total 182272K, used 10707K [0x00000000d5d80000, 0x00000000e3000000, 0x0000000100000000)
  eden space 168448K, 0% used [0x00000000d5d80000,0x00000000d5d80000,0x00000000e0200000)
  from space 13824K, 77% used [0x00000000e1000000,0x00000000e1a74ef8,0x00000000e1d80000)
  to   space 14336K, 0% used [0x00000000e0200000,0x00000000e0200000,0x00000000e1000000)
 ParOldGen       total 53760K, used 9542K [0x0000000081800000, 0x0000000084c80000, 0x00000000d5d80000)
  object space 53760K, 17% used [0x0000000081800000,0x00000000821518a8,0x0000000084c80000)
 Metaspace       used 33795K, capacity 35356K, committed 35496K, reserved 1079296K
  class space    used 4381K, capacity 4681K, committed 4776K, reserved 1048576K
}
Event: 7.387 GC heap before
{Heap before GC invocations=10 (full 2):
 PSYoungGen      total 182272K, used 10707K [0x00000000d5d80000, 0x00000000e3000000, 0x0000000100000000)
  eden space 168448K, 0% used [0x00000000d5d80000,0x00000000d5d80000,0x00000000e0200000)
  from space 13824K, 77% used [0x00000000e1000000,0x00000000e1a74ef8,0x00000000e1d80000)
  to   space 14336K, 0% used [0x00000000e0200000,0x00000000e0200000,0x00000000e1000000)
 ParOldGen       total 53760K, used 9542K [0x0000000081800000, 0x0000000084c80000, 0x00000000d5d80000)
  object space 53760K, 17% used [0x0000000081800000,0x00000000821518a8,0x0000000084c80000)
 Metaspace       used 33795K, capacity 35356K, committed 35496K, reserved 1079296K
  class space    used 4381K, capacity 4681K, committed 4776K, reserved 1048576K
Event: 7.514 GC heap after
Heap after GC invocations=10 (full 2):
 PSYoungGen      total 182272K, used 0K [0x00000000d5d80000, 0x00000000e3000000, 0x0000000100000000)
  eden space 168448K, 0% used [0x00000000d5d80000,0x00000000d5d80000,0x00000000e0200000)
  from space 13824K, 0% used [0x00000000e1000000,0x00000000e1000000,0x00000000e1d80000)
  to   space 14336K, 0% used [0x00000000e0200000,0x00000000e0200000,0x00000000e1000000)
 ParOldGen       total 53760K, used 16616K [0x0000000081800000, 0x0000000084c80000, 0x00000000d5d80000)
  object space 53760K, 30% used [0x0000000081800000,0x000000008283a038,0x0000000084c80000)
 Metaspace       used 33795K, capacity 35356K, committed 35496K, reserved 1079296K
  class space    used 4381K, capacity 4681K, committed 4776K, reserved 1048576K
}

