# JRE version: Java(TM) SE Runtime Environment (8.0_221-b11) (build 1.8.0_221-b11)
# Java VM: Java HotSpot(TM) 64-Bit Server VM (25.221-b11 mixed mode windows-amd64 compressed oops)
Heap:
 PSYoungGen      total 115200K, used 19847K [0x00000000d5d80000, 0x00000000e0580000, 0x0000000100000000)
  eden space 104960K, 9% used [0x00000000d5d80000,0x00000000d66e6518,0x00000000dc400000)
  from space 10240K, 99% used [0x00000000dc400000,0x00000000dcdfb780,0x00000000dce00000)
  to   space 14848K, 0% used [0x00000000df700000,0x00000000df700000,0x00000000e0580000)
 ParOldGen       total 54272K, used 16928K [0x0000000081800000, 0x0000000084d00000, 0x00000000d5d80000)
  object space 54272K, 31% used [0x0000000081800000,0x00000000828883a0,0x0000000084d00000)
 Metaspace       used 42921K, capacity 44654K, committed 45096K, reserved 1087488K
  class space    used 5742K, capacity 6076K, committed 6184K, reserved 1048576K
GC Heap History (10 events):
Event: 7.759 GC heap before
{Heap before GC invocations=7 (full 1):
 PSYoungGen      total 71680K, used 70852K [0x00000000d5d80000, 0x00000000dd800000, 0x0000000100000000)
  eden space 66560K, 100% used [0x00000000d5d80000,0x00000000d9e80000,0x00000000d9e80000)
  from space 5120K, 83% used [0x00000000d9e80000,0x00000000da2b13c0,0x00000000da380000)
  to   space 9216K, 0% used [0x00000000dcf00000,0x00000000dcf00000,0x00000000dd800000)
 ParOldGen       total 54272K, used 5358K [0x0000000081800000, 0x0000000084d00000, 0x00000000d5d80000)
  object space 54272K, 9% used [0x0000000081800000,0x0000000081d3bbf0,0x0000000084d00000)
 Metaspace       used 26653K, capacity 27578K, committed 27824K, reserved 1073152K
  class space    used 3482K, capacity 3710K, committed 3760K, reserved 1048576K
Event: 7.790 GC heap after
Heap after GC invocations=7 (full 1):
 PSYoungGen      total 112640K, used 9015K [0x00000000d5d80000, 0x00000000dd800000, 0x0000000100000000)
  eden space 103424K, 0% used [0x00000000d5d80000,0x00000000d5d80000,0x00000000dc280000)
  from space 9216K, 97% used [0x00000000dcf00000,0x00000000dd7cdc48,0x00000000dd800000)
  to   space 10240K, 0% used [0x00000000dc400000,0x00000000dc400000,0x00000000dce00000)
 ParOldGen       total 54272K, used 5358K [0x0000000081800000, 0x0000000084d00000, 0x00000000d5d80000)
  object space 54272K, 9% used [0x0000000081800000,0x0000000081d3bbf0,0x0000000084d00000)
 Metaspace       used 26653K, capacity 27578K, committed 27824K, reserved 1073152K
  class space    used 3482K, capacity 3710K, committed 3760K, reserved 1048576K
}
Event: 13.001 GC heap before
{Heap before GC invocations=8 (full 1):
 PSYoungGen      total 112640K, used 112437K [0x00000000d5d80000, 0x00000000dd800000, 0x0000000100000000)
  eden space 103424K, 99% used [0x00000000d5d80000,0x00000000dc27f9b8,0x00000000dc280000)
  from space 9216K, 97% used [0x00000000dcf00000,0x00000000dd7cdc48,0x00000000dd800000)
  to   space 10240K, 0% used [0x00000000dc400000,0x00000000dc400000,0x00000000dce00000)
 ParOldGen       total 54272K, used 5358K [0x0000000081800000, 0x0000000084d00000, 0x00000000d5d80000)
  object space 54272K, 9% used [0x0000000081800000,0x0000000081d3bbf0,0x0000000084d00000)
 Metaspace       used 33401K, capacity 34936K, committed 35120K, reserved 1079296K
  class space    used 4338K, capacity 4649K, committed 4656K, reserved 1048576K
Event: 13.069 GC heap after
Heap after GC invocations=8 (full 1):
 PSYoungGen      total 113664K, used 10227K [0x00000000d5d80000, 0x00000000dd800000, 0x0000000100000000)
  eden space 103424K, 0% used [0x00000000d5d80000,0x00000000d5d80000,0x00000000dc280000)
  from space 10240K, 99% used [0x00000000dc400000,0x00000000dcdfcec0,0x00000000dce00000)
  to   space 9216K, 0% used [0x00000000dcf00000,0x00000000dcf00000,0x00000000dd800000)
 ParOldGen       total 54272K, used 9630K [0x0000000081800000, 0x0000000084d00000, 0x00000000d5d80000)
  object space 54272K, 17% used [0x0000000081800000,0x00000000821679c8,0x0000000084d00000)
 Metaspace       used 33401K, capacity 34936K, committed 35120K, reserved 1079296K
  class space    used 4338K, capacity 4649K, committed 4656K, reserved 1048576K
}
Event: 13.382 GC heap before
{Heap before GC invocations=9 (full 1):
 PSYoungGen      total 113664K, used 23046K [0x00000000d5d80000, 0x00000000dd800000, 0x0000000100000000)
  eden space 103424K, 12% used [0x00000000d5d80000,0x00000000d6a04b18,0x00000000dc280000)
  from space 10240K, 99% used [0x00000000dc400000,0x00000000dcdfcec0,0x00000000dce00000)
  to   space 9216K, 0% used [0x00000000dcf00000,0x00000000dcf00000,0x00000000dd800000)
 ParOldGen       total 54272K, used 9630K [0x0000000081800000, 0x0000000084d00000, 0x00000000d5d80000)
  object space 54272K, 17% used [0x0000000081800000,0x00000000821679c8,0x0000000084d00000)
 Metaspace       used 33807K, capacity 35352K, committed 35496K, reserved 1079296K
  class space    used 4380K, capacity 4681K, committed 4776K, reserved 1048576K
Event: 13.435 GC heap after
Heap after GC invocations=9 (full 1):
 PSYoungGen      total 112640K, used 9205K [0x00000000d5d80000, 0x00000000dd800000, 0x0000000100000000)
  eden space 103424K, 0% used [0x00000000d5d80000,0x00000000d5d80000,0x00000000dc280000)
  from space 9216K, 99% used [0x00000000dcf00000,0x00000000dd7fd580,0x00000000dd800000)
  to   space 10240K, 0% used [0x00000000dc400000,0x00000000dc400000,0x00000000dce00000)
 ParOldGen       total 54272K, used 11027K [0x0000000081800000, 0x0000000084d00000, 0x00000000d5d80000)
  object space 54272K, 20% used [0x0000000081800000,0x00000000822c4d40,0x0000000084d00000)
 Metaspace       used 33807K, capacity 35352K, committed 35496K, reserved 1079296K
  class space    used 4380K, capacity 4681K, committed 4776K, reserved 1048576K
}
Event: 13.435 GC heap before
{Heap before GC invocations=10 (full 2):
 PSYoungGen      total 112640K, used 9205K [0x00000000d5d80000, 0x00000000dd800000, 0x0000000100000000)
  eden space 103424K, 0% used [0x00000000d5d80000,0x00000000d5d80000,0x00000000dc280000)
  from space 9216K, 99% used [0x00000000dcf00000,0x00000000dd7fd580,0x00000000dd800000)
  to   space 10240K, 0% used [0x00000000dc400000,0x00000000dc400000,0x00000000dce00000)
 ParOldGen       total 54272K, used 11027K [0x0000000081800000, 0x0000000084d00000, 0x00000000d5d80000)
  object space 54272K, 20% used [0x0000000081800000,0x00000000822c4d40,0x0000000084d00000)
 Metaspace       used 33807K, capacity 35352K, committed 35496K, reserved 1079296K
  class space    used 4380K, capacity 4681K, committed 4776K, reserved 1048576K
Event: 13.712 GC heap after
Heap after GC invocations=10 (full 2):
 PSYoungGen      total 112640K, used 0K [0x00000000d5d80000, 0x00000000dd800000, 0x0000000100000000)
  eden space 103424K, 0% used [0x00000000d5d80000,0x00000000d5d80000,0x00000000dc280000)
  from space 9216K, 0% used [0x00000000dcf00000,0x00000000dcf00000,0x00000000dd800000)
  to   space 10240K, 0% used [0x00000000dc400000,0x00000000dc400000,0x00000000dce00000)
 ParOldGen       total 54272K, used 15712K [0x0000000081800000, 0x0000000084d00000, 0x00000000d5d80000)
  object space 54272K, 28% used [0x0000000081800000,0x0000000082758010,0x0000000084d00000)
 Metaspace       used 33807K, capacity 35352K, committed 35496K, reserved 1079296K
  class space    used 4380K, capacity 4681K, committed 4776K, reserved 1048576K
}
Event: 17.477 GC heap before
{Heap before GC invocations=11 (full 2):
 PSYoungGen      total 112640K, used 103424K [0x00000000d5d80000, 0x00000000dd800000, 0x0000000100000000)
  eden space 103424K, 100% used [0x00000000d5d80000,0x00000000dc280000,0x00000000dc280000)
  from space 9216K, 0% used [0x00000000dcf00000,0x00000000dcf00000,0x00000000dd800000)
  to   space 10240K, 0% used [0x00000000dc400000,0x00000000dc400000,0x00000000dce00000)
 ParOldGen       total 54272K, used 15712K [0x0000000081800000, 0x0000000084d00000, 0x00000000d5d80000)
  object space 54272K, 28% used [0x0000000081800000,0x0000000082758010,0x0000000084d00000)
 Metaspace       used 42660K, capacity 44430K, committed 44712K, reserved 1087488K
  class space    used 5711K, capacity 6044K, committed 6056K, reserved 1048576K
Event: 17.499 GC heap after
Heap after GC invocations=11 (full 2):
 PSYoungGen      total 115200K, used 10221K [0x00000000d5d80000, 0x00000000e0580000, 0x0000000100000000)
  eden space 104960K, 0% used [0x00000000d5d80000,0x00000000d5d80000,0x00000000dc400000)
  from space 10240K, 99% used [0x00000000dc400000,0x00000000dcdfb780,0x00000000dce00000)
  to   space 14848K, 0% used [0x00000000df700000,0x00000000df700000,0x00000000e0580000)
 ParOldGen       total 54272K, used 16928K [0x0000000081800000, 0x0000000084d00000, 0x00000000d5d80000)
  object space 54272K, 31% used [0x0000000081800000,0x00000000828883a0,0x0000000084d00000)
 Metaspace       used 42660K, capacity 44430K, committed 44712K, reserved 1087488K
  class space    used 5711K, capacity 6044K, committed 6056K, reserved 1048576K
}

