# JRE version: Java(TM) SE Runtime Environment (8.0_221-b11) (build 1.8.0_221-b11)
# Java VM: Java HotSpot(TM) 64-Bit Server VM (25.221-b11 mixed mode windows-amd64 compressed oops)
Heap:
 PSYoungGen      total 127488K, used 106097K [0x00000000d5d80000, 0x00000000e3c00000, 0x0000000100000000)
  eden space 117248K, 90% used [0x00000000d5d80000,0x00000000dc51c7b8,0x00000000dd000000)
  from space 10240K, 0% used [0x00000000dd000000,0x00000000dd000000,0x00000000dda00000)
  to   space 14336K, 0% used [0x00000000e2e00000,0x00000000e2e00000,0x00000000e3c00000)
 ParOldGen       total 78848K, used 18917K [0x0000000081800000, 0x0000000086500000, 0x00000000d5d80000)
  object space 78848K, 23% used [0x0000000081800000,0x0000000082a79720,0x0000000086500000)
 Metaspace       used 42807K, capacity 44594K, committed 44840K, reserved 1087488K
  class space    used 5718K, capacity 6076K, committed 6184K, reserved 1048576K
GC Heap History (10 events):
Event: 12.049 GC heap before
{Heap before GC invocations=5 (full 1):
 PSYoungGen      total 71680K, used 5106K [0x00000000d5d80000, 0x00000000da880000, 0x0000000100000000)
  eden space 66560K, 0% used [0x00000000d5d80000,0x00000000d5d80000,0x00000000d9e80000)
  from space 5120K, 99% used [0x00000000da380000,0x00000000da87c838,0x00000000da880000)
  to   space 5120K, 0% used [0x00000000d9e80000,0x00000000d9e80000,0x00000000da380000)
 ParOldGen       total 87552K, used 5885K [0x0000000081800000, 0x0000000086d80000, 0x00000000d5d80000)
  object space 87552K, 6% used [0x0000000081800000,0x0000000081dbf748,0x0000000086d80000)
 Metaspace       used 20633K, capacity 21184K, committed 21296K, reserved 1067008K
  class space    used 2667K, capacity 2837K, committed 2864K, reserved 1048576K
Event: 12.201 GC heap after
Heap after GC invocations=5 (full 1):
 PSYoungGen      total 71680K, used 0K [0x00000000d5d80000, 0x00000000da880000, 0x0000000100000000)
  eden space 66560K, 0% used [0x00000000d5d80000,0x00000000d5d80000,0x00000000d9e80000)
  from space 5120K, 0% used [0x00000000da380000,0x00000000da380000,0x00000000da880000)
  to   space 5120K, 0% used [0x00000000d9e80000,0x00000000d9e80000,0x00000000da380000)
 ParOldGen       total 48640K, used 5268K [0x0000000081800000, 0x0000000084780000, 0x00000000d5d80000)
  object space 48640K, 10% used [0x0000000081800000,0x0000000081d25220,0x0000000084780000)
 Metaspace       used 20631K, capacity 21178K, committed 21296K, reserved 1067008K
  class space    used 2666K, capacity 2836K, committed 2864K, reserved 1048576K
}
Event: 17.853 GC heap before
{Heap before GC invocations=6 (full 1):
 PSYoungGen      total 71680K, used 66555K [0x00000000d5d80000, 0x00000000da880000, 0x0000000100000000)
  eden space 66560K, 99% used [0x00000000d5d80000,0x00000000d9e7ee38,0x00000000d9e80000)
  from space 5120K, 0% used [0x00000000da380000,0x00000000da380000,0x00000000da880000)
  to   space 5120K, 0% used [0x00000000d9e80000,0x00000000d9e80000,0x00000000da380000)
 ParOldGen       total 48640K, used 5268K [0x0000000081800000, 0x0000000084780000, 0x00000000d5d80000)
  object space 48640K, 10% used [0x0000000081800000,0x0000000081d25220,0x0000000084780000)
 Metaspace       used 23190K, capacity 23854K, committed 24240K, reserved 1071104K
  class space    used 2982K, capacity 3160K, committed 3248K, reserved 1048576K
Event: 17.873 GC heap after
Heap after GC invocations=6 (full 1):
 PSYoungGen      total 71680K, used 4217K [0x00000000d5d80000, 0x00000000de400000, 0x0000000100000000)
  eden space 66560K, 0% used [0x00000000d5d80000,0x00000000d5d80000,0x00000000d9e80000)
  from space 5120K, 82% used [0x00000000d9e80000,0x00000000da29e748,0x00000000da380000)
  to   space 9216K, 0% used [0x00000000ddb00000,0x00000000ddb00000,0x00000000de400000)
 ParOldGen       total 48640K, used 5276K [0x0000000081800000, 0x0000000084780000, 0x00000000d5d80000)
  object space 48640K, 10% used [0x0000000081800000,0x0000000081d27220,0x0000000084780000)
 Metaspace       used 23190K, capacity 23854K, committed 24240K, reserved 1071104K
  class space    used 2982K, capacity 3160K, committed 3248K, reserved 1048576K
}
Event: 24.020 GC heap before
{Heap before GC invocations=7 (full 1):
 PSYoungGen      total 71680K, used 70777K [0x00000000d5d80000, 0x00000000de400000, 0x0000000100000000)
  eden space 66560K, 100% used [0x00000000d5d80000,0x00000000d9e80000,0x00000000d9e80000)
  from space 5120K, 82% used [0x00000000d9e80000,0x00000000da29e748,0x00000000da380000)
  to   space 9216K, 0% used [0x00000000ddb00000,0x00000000ddb00000,0x00000000de400000)
 ParOldGen       total 48640K, used 5276K [0x0000000081800000, 0x0000000084780000, 0x00000000d5d80000)
  object space 48640K, 10% used [0x0000000081800000,0x0000000081d27220,0x0000000084780000)
 Metaspace       used 26636K, capacity 27646K, committed 27824K, reserved 1073152K
  class space    used 3476K, capacity 3710K, committed 3760K, reserved 1048576K
Event: 24.080 GC heap after
Heap after GC invocations=7 (full 1):
 PSYoungGen      total 125952K, used 9034K [0x00000000d5d80000, 0x00000000de400000, 0x0000000100000000)
  eden space 116736K, 0% used [0x00000000d5d80000,0x00000000d5d80000,0x00000000dcf80000)
  from space 9216K, 98% used [0x00000000ddb00000,0x00000000de3d2900,0x00000000de400000)
  to   space 10240K, 0% used [0x00000000dd000000,0x00000000dd000000,0x00000000dda00000)
 ParOldGen       total 48640K, used 5284K [0x0000000081800000, 0x0000000084780000, 0x00000000d5d80000)
  object space 48640K, 10% used [0x0000000081800000,0x0000000081d29220,0x0000000084780000)
 Metaspace       used 26636K, capacity 27646K, committed 27824K, reserved 1073152K
  class space    used 3476K, capacity 3710K, committed 3760K, reserved 1048576K
}
Event: 34.319 GC heap before
{Heap before GC invocations=8 (full 1):
 PSYoungGen      total 125952K, used 125770K [0x00000000d5d80000, 0x00000000de400000, 0x0000000100000000)
  eden space 116736K, 100% used [0x00000000d5d80000,0x00000000dcf80000,0x00000000dcf80000)
  from space 9216K, 98% used [0x00000000ddb00000,0x00000000de3d2900,0x00000000de400000)
  to   space 10240K, 0% used [0x00000000dd000000,0x00000000dd000000,0x00000000dda00000)
 ParOldGen       total 48640K, used 5284K [0x0000000081800000, 0x0000000084780000, 0x00000000d5d80000)
  object space 48640K, 10% used [0x0000000081800000,0x0000000081d29220,0x0000000084780000)
 Metaspace       used 33840K, capacity 35352K, committed 35496K, reserved 1079296K
  class space    used 4375K, capacity 4681K, committed 4776K, reserved 1048576K
Event: 34.401 GC heap after
Heap after GC invocations=8 (full 1):
 PSYoungGen      total 127488K, used 10213K [0x00000000d5d80000, 0x00000000e3c00000, 0x0000000100000000)
  eden space 117248K, 0% used [0x00000000d5d80000,0x00000000d5d80000,0x00000000dd000000)
  from space 10240K, 99% used [0x00000000dd000000,0x00000000dd9f9468,0x00000000dda00000)
  to   space 14336K, 0% used [0x00000000e2e00000,0x00000000e2e00000,0x00000000e3c00000)
 ParOldGen       total 48640K, used 10041K [0x0000000081800000, 0x0000000084780000, 0x00000000d5d80000)
  object space 48640K, 20% used [0x0000000081800000,0x00000000821ce6f0,0x0000000084780000)
 Metaspace       used 33840K, capacity 35352K, committed 35496K, reserved 1079296K
  class space    used 4375K, capacity 4681K, committed 4776K, reserved 1048576K
}
Event: 34.401 GC heap before
{Heap before GC invocations=9 (full 2):
 PSYoungGen      total 127488K, used 10213K [0x00000000d5d80000, 0x00000000e3c00000, 0x0000000100000000)
  eden space 117248K, 0% used [0x00000000d5d80000,0x00000000d5d80000,0x00000000dd000000)
  from space 10240K, 99% used [0x00000000dd000000,0x00000000dd9f9468,0x00000000dda00000)
  to   space 14336K, 0% used [0x00000000e2e00000,0x00000000e2e00000,0x00000000e3c00000)
 ParOldGen       total 48640K, used 10041K [0x0000000081800000, 0x0000000084780000, 0x00000000d5d80000)
  object space 48640K, 20% used [0x0000000081800000,0x00000000821ce6f0,0x0000000084780000)
 Metaspace       used 33840K, capacity 35352K, committed 35496K, reserved 1079296K
  class space    used 4375K, capacity 4681K, committed 4776K, reserved 1048576K
Event: 34.955 GC heap after
Heap after GC invocations=9 (full 2):
 PSYoungGen      total 127488K, used 0K [0x00000000d5d80000, 0x00000000e3c00000, 0x0000000100000000)
  eden space 117248K, 0% used [0x00000000d5d80000,0x00000000d5d80000,0x00000000dd000000)
  from space 10240K, 0% used [0x00000000dd000000,0x00000000dd000000,0x00000000dda00000)
  to   space 14336K, 0% used [0x00000000e2e00000,0x00000000e2e00000,0x00000000e3c00000)
 ParOldGen       total 78848K, used 18917K [0x0000000081800000, 0x0000000086500000, 0x00000000d5d80000)
  object space 78848K, 23% used [0x0000000081800000,0x0000000082a79720,0x0000000086500000)
 Metaspace       used 33840K, capacity 35352K, committed 35496K, reserved 1079296K
  class space    used 4375K, capacity 4681K, committed 4776K, reserved 1048576K
}

