# JRE version: Java(TM) SE Runtime Environment (8.0_221-b11) (build 1.8.0_221-b11)
# Java VM: Java HotSpot(TM) 64-Bit Server VM (25.221-b11 mixed mode windows-amd64 compressed oops)
Heap:
 PSYoungGen      total 71680K, used 27444K [0x00000000d5d80000, 0x00000000dd780000, 0x0000000100000000)
  eden space 66560K, 34% used [0x00000000d5d80000,0x00000000d7420a70,0x00000000d9e80000)
  from space 5120K, 83% used [0x00000000d9e80000,0x00000000da2ac6b0,0x00000000da380000)
  to   space 9216K, 0% used [0x00000000dce80000,0x00000000dce80000,0x00000000dd780000)
 ParOldGen       total 54272K, used 5457K [0x0000000081800000, 0x0000000084d00000, 0x00000000d5d80000)
  object space 54272K, 10% used [0x0000000081800000,0x0000000081d54718,0x0000000084d00000)
 Metaspace       used 24453K, capacity 25220K, committed 25392K, reserved 1071104K
  class space    used 3171K, capacity 3373K, committed 3376K, reserved 1048576K
GC Heap History (10 events):
Event: 1.639 GC heap before
{Heap before GC invocations=2 (full 0):
 PSYoungGen      total 38400K, used 38377K [0x00000000d5d80000, 0x00000000d8800000, 0x0000000100000000)
  eden space 33280K, 100% used [0x00000000d5d80000,0x00000000d7e00000,0x00000000d7e00000)
  from space 5120K, 99% used [0x00000000d7e00000,0x00000000d82fa5e8,0x00000000d8300000)
  to   space 5120K, 0% used [0x00000000d8300000,0x00000000d8300000,0x00000000d8800000)
 ParOldGen       total 87552K, used 1060K [0x0000000081800000, 0x0000000086d80000, 0x00000000d5d80000)
  object space 87552K, 1% used [0x0000000081800000,0x0000000081909130,0x0000000086d80000)
 Metaspace       used 15189K, capacity 15680K, committed 16000K, reserved 1062912K
  class space    used 2009K, capacity 2121K, committed 2176K, reserved 1048576K
Event: 1.670 GC heap after
Heap after GC invocations=2 (full 0):
 PSYoungGen      total 38400K, used 5090K [0x00000000d5d80000, 0x00000000da880000, 0x0000000100000000)
  eden space 33280K, 0% used [0x00000000d5d80000,0x00000000d5d80000,0x00000000d7e00000)
  from space 5120K, 99% used [0x00000000d8300000,0x00000000d87f8a50,0x00000000d8800000)
  to   space 5120K, 0% used [0x00000000d7e00000,0x00000000d7e00000,0x00000000d8300000)
 ParOldGen       total 87552K, used 2024K [0x0000000081800000, 0x0000000086d80000, 0x00000000d5d80000)
  object space 87552K, 2% used [0x0000000081800000,0x00000000819fa0f0,0x0000000086d80000)
 Metaspace       used 15189K, capacity 15680K, committed 16000K, reserved 1062912K
  class space    used 2009K, capacity 2121K, committed 2176K, reserved 1048576K
}
Event: 2.474 GC heap before
{Heap before GC invocations=3 (full 0):
 PSYoungGen      total 38400K, used 38370K [0x00000000d5d80000, 0x00000000da880000, 0x0000000100000000)
  eden space 33280K, 100% used [0x00000000d5d80000,0x00000000d7e00000,0x00000000d7e00000)
  from space 5120K, 99% used [0x00000000d8300000,0x00000000d87f8a50,0x00000000d8800000)
  to   space 5120K, 0% used [0x00000000d7e00000,0x00000000d7e00000,0x00000000d8300000)
 ParOldGen       total 87552K, used 2024K [0x0000000081800000, 0x0000000086d80000, 0x00000000d5d80000)
  object space 87552K, 2% used [0x0000000081800000,0x00000000819fa0f0,0x0000000086d80000)
 Metaspace       used 19987K, capacity 20536K, committed 20736K, reserved 1067008K
  class space    used 2575K, capacity 2709K, committed 2816K, reserved 1048576K
Event: 2.489 GC heap after
Heap after GC invocations=3 (full 0):
 PSYoungGen      total 38400K, used 5096K [0x00000000d5d80000, 0x00000000da880000, 0x0000000100000000)
  eden space 33280K, 0% used [0x00000000d5d80000,0x00000000d5d80000,0x00000000d7e00000)
  from space 5120K, 99% used [0x00000000d7e00000,0x00000000d82fa188,0x00000000d8300000)
  to   space 5120K, 0% used [0x00000000da380000,0x00000000da380000,0x00000000da880000)
 ParOldGen       total 87552K, used 5460K [0x0000000081800000, 0x0000000086d80000, 0x00000000d5d80000)
  object space 87552K, 6% used [0x0000000081800000,0x0000000081d55390,0x0000000086d80000)
 Metaspace       used 19987K, capacity 20536K, committed 20736K, reserved 1067008K
  class space    used 2575K, capacity 2709K, committed 2816K, reserved 1048576K
}
Event: 2.636 GC heap before
{Heap before GC invocations=4 (full 0):
 PSYoungGen      total 38400K, used 11658K [0x00000000d5d80000, 0x00000000da880000, 0x0000000100000000)
  eden space 33280K, 19% used [0x00000000d5d80000,0x00000000d63e8a18,0x00000000d7e00000)
  from space 5120K, 99% used [0x00000000d7e00000,0x00000000d82fa188,0x00000000d8300000)
  to   space 5120K, 0% used [0x00000000da380000,0x00000000da380000,0x00000000da880000)
 ParOldGen       total 87552K, used 5460K [0x0000000081800000, 0x0000000086d80000, 0x00000000d5d80000)
  object space 87552K, 6% used [0x0000000081800000,0x0000000081d55390,0x0000000086d80000)
 Metaspace       used 20648K, capacity 21194K, committed 21296K, reserved 1067008K
  class space    used 2661K, capacity 2840K, committed 2864K, reserved 1048576K
Event: 2.645 GC heap after
Heap after GC invocations=4 (full 0):
 PSYoungGen      total 71680K, used 5104K [0x00000000d5d80000, 0x00000000da880000, 0x0000000100000000)
  eden space 66560K, 0% used [0x00000000d5d80000,0x00000000d5d80000,0x00000000d9e80000)
  from space 5120K, 99% used [0x00000000da380000,0x00000000da87c390,0x00000000da880000)
  to   space 5120K, 0% used [0x00000000d9e80000,0x00000000d9e80000,0x00000000da380000)
 ParOldGen       total 87552K, used 5875K [0x0000000081800000, 0x0000000086d80000, 0x00000000d5d80000)
  object space 87552K, 6% used [0x0000000081800000,0x0000000081dbcf40,0x0000000086d80000)
 Metaspace       used 20648K, capacity 21194K, committed 21296K, reserved 1067008K
  class space    used 2661K, capacity 2840K, committed 2864K, reserved 1048576K
}
Event: 2.645 GC heap before
{Heap before GC invocations=5 (full 1):
 PSYoungGen      total 71680K, used 5104K [0x00000000d5d80000, 0x00000000da880000, 0x0000000100000000)
  eden space 66560K, 0% used [0x00000000d5d80000,0x00000000d5d80000,0x00000000d9e80000)
  from space 5120K, 99% used [0x00000000da380000,0x00000000da87c390,0x00000000da880000)
  to   space 5120K, 0% used [0x00000000d9e80000,0x00000000d9e80000,0x00000000da380000)
 ParOldGen       total 87552K, used 5875K [0x0000000081800000, 0x0000000086d80000, 0x00000000d5d80000)
  object space 87552K, 6% used [0x0000000081800000,0x0000000081dbcf40,0x0000000086d80000)
 Metaspace       used 20648K, capacity 21194K, committed 21296K, reserved 1067008K
  class space    used 2661K, capacity 2840K, committed 2864K, reserved 1048576K
Event: 2.699 GC heap after
Heap after GC invocations=5 (full 1):
 PSYoungGen      total 71680K, used 0K [0x00000000d5d80000, 0x00000000da880000, 0x0000000100000000)
  eden space 66560K, 0% used [0x00000000d5d80000,0x00000000d5d80000,0x00000000d9e80000)
  from space 5120K, 0% used [0x00000000da380000,0x00000000da380000,0x00000000da880000)
  to   space 5120K, 0% used [0x00000000d9e80000,0x00000000d9e80000,0x00000000da380000)
 ParOldGen       total 54272K, used 5449K [0x0000000081800000, 0x0000000084d00000, 0x00000000d5d80000)
  object space 54272K, 10% used [0x0000000081800000,0x0000000081d52718,0x0000000084d00000)
 Metaspace       used 20646K, capacity 21188K, committed 21296K, reserved 1067008K
  class space    used 2661K, capacity 2839K, committed 2864K, reserved 1048576K
}
Event: 4.534 GC heap before
{Heap before GC invocations=6 (full 1):
 PSYoungGen      total 71680K, used 66544K [0x00000000d5d80000, 0x00000000da880000, 0x0000000100000000)
  eden space 66560K, 99% used [0x00000000d5d80000,0x00000000d9e7c2a0,0x00000000d9e80000)
  from space 5120K, 0% used [0x00000000da380000,0x00000000da380000,0x00000000da880000)
  to   space 5120K, 0% used [0x00000000d9e80000,0x00000000d9e80000,0x00000000da380000)
 ParOldGen       total 54272K, used 5449K [0x0000000081800000, 0x0000000084d00000, 0x00000000d5d80000)
  object space 54272K, 10% used [0x0000000081800000,0x0000000081d52718,0x0000000084d00000)
 Metaspace       used 23182K, capacity 23878K, committed 24240K, reserved 1071104K
  class space    used 2989K, capacity 3192K, committed 3248K, reserved 1048576K
Event: 4.545 GC heap after
Heap after GC invocations=6 (full 1):
 PSYoungGen      total 71680K, used 4273K [0x00000000d5d80000, 0x00000000dd780000, 0x0000000100000000)
  eden space 66560K, 0% used [0x00000000d5d80000,0x00000000d5d80000,0x00000000d9e80000)
  from space 5120K, 83% used [0x00000000d9e80000,0x00000000da2ac6b0,0x00000000da380000)
  to   space 9216K, 0% used [0x00000000dce80000,0x00000000dce80000,0x00000000dd780000)
 ParOldGen       total 54272K, used 5457K [0x0000000081800000, 0x0000000084d00000, 0x00000000d5d80000)
  object space 54272K, 10% used [0x0000000081800000,0x0000000081d54718,0x0000000084d00000)
 Metaspace       used 23182K, capacity 23878K, committed 24240K, reserved 1071104K
  class space    used 2989K, capacity 3192K, committed 3248K, reserved 1048576K
}

