# JRE version: Java(TM) SE Runtime Environment (8.0_221-b11) (build 1.8.0_221-b11)
# Java VM: Java HotSpot(TM) 64-Bit Server VM (25.221-b11 mixed mode windows-amd64 compressed oops)
Heap:
 PSYoungGen      total 275456K, used 4693K [0x00000000d5d80000, 0x00000000e8000000, 0x0000000100000000)
  eden space 258560K, 1% used [0x00000000d5d80000,0x00000000d6215638,0x00000000e5a00000)
  from space 16896K, 0% used [0x00000000e6f80000,0x00000000e6f80000,0x00000000e8000000)
  to   space 19456K, 0% used [0x00000000e5a00000,0x00000000e5a00000,0x00000000e6d00000)
 ParOldGen       total 102400K, used 29226K [0x0000000081800000, 0x0000000087c00000, 0x00000000d5d80000)
  object space 102400K, 28% used [0x0000000081800000,0x000000008348a8f8,0x0000000087c00000)
 Metaspace       used 56669K, capacity 59092K, committed 59416K, reserved 1099776K
  class space    used 7729K, capacity 8161K, committed 8232K, reserved 1048576K
GC Heap History (10 events):
Event: 6.117 GC heap before
{Heap before GC invocations=9 (full 1):
 PSYoungGen      total 123392K, used 16017K [0x00000000d5d80000, 0x00000000e2f00000, 0x0000000100000000)
  eden space 113152K, 5% used [0x00000000d5d80000,0x00000000d632b0e0,0x00000000dcc00000)
  from space 10240K, 99% used [0x00000000dcc00000,0x00000000dd5f9590,0x00000000dd600000)
  to   space 13824K, 0% used [0x00000000e2180000,0x00000000e2180000,0x00000000e2f00000)
 ParOldGen       total 50688K, used 9486K [0x0000000081800000, 0x0000000084980000, 0x00000000d5d80000)
  object space 50688K, 18% used [0x0000000081800000,0x0000000082143848,0x0000000084980000)
 Metaspace       used 33804K, capacity 35348K, committed 35496K, reserved 1079296K
  class space    used 4381K, capacity 4681K, committed 4776K, reserved 1048576K
Event: 6.141 GC heap after
Heap after GC invocations=9 (full 1):
 PSYoungGen      total 200192K, used 10920K [0x00000000d5d80000, 0x00000000e3d80000, 0x0000000100000000)
  eden space 186368K, 0% used [0x00000000d5d80000,0x00000000d5d80000,0x00000000e1380000)
  from space 13824K, 78% used [0x00000000e2180000,0x00000000e2c2a010,0x00000000e2f00000)
  to   space 14336K, 0% used [0x00000000e1380000,0x00000000e1380000,0x00000000e2180000)
 ParOldGen       total 50688K, used 9494K [0x0000000081800000, 0x0000000084980000, 0x00000000d5d80000)
  object space 50688K, 18% used [0x0000000081800000,0x0000000082145848,0x0000000084980000)
 Metaspace       used 33804K, capacity 35348K, committed 35496K, reserved 1079296K
  class space    used 4381K, capacity 4681K, committed 4776K, reserved 1048576K
}
Event: 6.141 GC heap before
{Heap before GC invocations=10 (full 2):
 PSYoungGen      total 200192K, used 10920K [0x00000000d5d80000, 0x00000000e3d80000, 0x0000000100000000)
  eden space 186368K, 0% used [0x00000000d5d80000,0x00000000d5d80000,0x00000000e1380000)
  from space 13824K, 78% used [0x00000000e2180000,0x00000000e2c2a010,0x00000000e2f00000)
  to   space 14336K, 0% used [0x00000000e1380000,0x00000000e1380000,0x00000000e2180000)
 ParOldGen       total 50688K, used 9494K [0x0000000081800000, 0x0000000084980000, 0x00000000d5d80000)
  object space 50688K, 18% used [0x0000000081800000,0x0000000082145848,0x0000000084980000)
 Metaspace       used 33804K, capacity 35348K, committed 35496K, reserved 1079296K
  class space    used 4381K, capacity 4681K, committed 4776K, reserved 1048576K
Event: 6.250 GC heap after
Heap after GC invocations=10 (full 2):
 PSYoungGen      total 200192K, used 0K [0x00000000d5d80000, 0x00000000e3d80000, 0x0000000100000000)
  eden space 186368K, 0% used [0x00000000d5d80000,0x00000000d5d80000,0x00000000e1380000)
  from space 13824K, 0% used [0x00000000e2180000,0x00000000e2180000,0x00000000e2f00000)
  to   space 14336K, 0% used [0x00000000e1380000,0x00000000e1380000,0x00000000e2180000)
 ParOldGen       total 74752K, used 16569K [0x0000000081800000, 0x0000000086100000, 0x00000000d5d80000)
  object space 74752K, 22% used [0x0000000081800000,0x000000008282e7b8,0x0000000086100000)
 Metaspace       used 33804K, capacity 35348K, committed 35496K, reserved 1079296K
  class space    used 4381K, capacity 4681K, committed 4776K, reserved 1048576K
}
Event: 9.349 GC heap before
{Heap before GC invocations=11 (full 2):
 PSYoungGen      total 200192K, used 186368K [0x00000000d5d80000, 0x00000000e3d80000, 0x0000000100000000)
  eden space 186368K, 100% used [0x00000000d5d80000,0x00000000e1380000,0x00000000e1380000)
  from space 13824K, 0% used [0x00000000e2180000,0x00000000e2180000,0x00000000e2f00000)
  to   space 14336K, 0% used [0x00000000e1380000,0x00000000e1380000,0x00000000e2180000)
 ParOldGen       total 74752K, used 16569K [0x0000000081800000, 0x0000000086100000, 0x00000000d5d80000)
  object space 74752K, 22% used [0x0000000081800000,0x000000008282e7b8,0x0000000086100000)
 Metaspace       used 49007K, capacity 50986K, committed 51368K, reserved 1093632K
  class space    used 6615K, capacity 6998K, committed 7080K, reserved 1048576K
Event: 9.378 GC heap after
Heap after GC invocations=11 (full 2):
 PSYoungGen      total 200704K, used 14332K [0x00000000d5d80000, 0x00000000e8100000, 0x0000000100000000)
  eden space 186368K, 0% used [0x00000000d5d80000,0x00000000d5d80000,0x00000000e1380000)
  from space 14336K, 99% used [0x00000000e1380000,0x00000000e217f0b0,0x00000000e2180000)
  to   space 17920K, 0% used [0x00000000e6f80000,0x00000000e6f80000,0x00000000e8100000)
 ParOldGen       total 74752K, used 20763K [0x0000000081800000, 0x0000000086100000, 0x00000000d5d80000)
  object space 74752K, 27% used [0x0000000081800000,0x0000000082c46c08,0x0000000086100000)
 Metaspace       used 49007K, capacity 50986K, committed 51368K, reserved 1093632K
  class space    used 6615K, capacity 6998K, committed 7080K, reserved 1048576K
}
Event: 11.072 GC heap before
{Heap before GC invocations=12 (full 2):
 PSYoungGen      total 200704K, used 134404K [0x00000000d5d80000, 0x00000000e8100000, 0x0000000100000000)
  eden space 186368K, 64% used [0x00000000d5d80000,0x00000000dd2c22c8,0x00000000e1380000)
  from space 14336K, 99% used [0x00000000e1380000,0x00000000e217f0b0,0x00000000e2180000)
  to   space 17920K, 0% used [0x00000000e6f80000,0x00000000e6f80000,0x00000000e8100000)
 ParOldGen       total 74752K, used 20763K [0x0000000081800000, 0x0000000086100000, 0x00000000d5d80000)
  object space 74752K, 27% used [0x0000000081800000,0x0000000082c46c08,0x0000000086100000)
 Metaspace       used 56664K, capacity 59086K, committed 59160K, reserved 1099776K
  class space    used 7728K, capacity 8160K, committed 8232K, reserved 1048576K
Event: 11.102 GC heap after
Heap after GC invocations=12 (full 2):
 PSYoungGen      total 275456K, used 15362K [0x00000000d5d80000, 0x00000000e8000000, 0x0000000100000000)
  eden space 258560K, 0% used [0x00000000d5d80000,0x00000000d5d80000,0x00000000e5a00000)
  from space 16896K, 90% used [0x00000000e6f80000,0x00000000e7e80b80,0x00000000e8000000)
  to   space 19456K, 0% used [0x00000000e5a00000,0x00000000e5a00000,0x00000000e6d00000)
 ParOldGen       total 74752K, used 20771K [0x0000000081800000, 0x0000000086100000, 0x00000000d5d80000)
  object space 74752K, 27% used [0x0000000081800000,0x0000000082c48c08,0x0000000086100000)
 Metaspace       used 56664K, capacity 59086K, committed 59160K, reserved 1099776K
  class space    used 7728K, capacity 8160K, committed 8232K, reserved 1048576K
}
Event: 11.102 GC heap before
{Heap before GC invocations=13 (full 3):
 PSYoungGen      total 275456K, used 15362K [0x00000000d5d80000, 0x00000000e8000000, 0x0000000100000000)
  eden space 258560K, 0% used [0x00000000d5d80000,0x00000000d5d80000,0x00000000e5a00000)
  from space 16896K, 90% used [0x00000000e6f80000,0x00000000e7e80b80,0x00000000e8000000)
  to   space 19456K, 0% used [0x00000000e5a00000,0x00000000e5a00000,0x00000000e6d00000)
 ParOldGen       total 74752K, used 20771K [0x0000000081800000, 0x0000000086100000, 0x00000000d5d80000)
  object space 74752K, 27% used [0x0000000081800000,0x0000000082c48c08,0x0000000086100000)
 Metaspace       used 56664K, capacity 59086K, committed 59160K, reserved 1099776K
  class space    used 7728K, capacity 8160K, committed 8232K, reserved 1048576K
Event: 11.341 GC heap after
Heap after GC invocations=13 (full 3):
 PSYoungGen      total 275456K, used 0K [0x00000000d5d80000, 0x00000000e8000000, 0x0000000100000000)
  eden space 258560K, 0% used [0x00000000d5d80000,0x00000000d5d80000,0x00000000e5a00000)
  from space 16896K, 0% used [0x00000000e6f80000,0x00000000e6f80000,0x00000000e8000000)
  to   space 19456K, 0% used [0x00000000e5a00000,0x00000000e5a00000,0x00000000e6d00000)
 ParOldGen       total 102400K, used 29226K [0x0000000081800000, 0x0000000087c00000, 0x00000000d5d80000)
  object space 102400K, 28% used [0x0000000081800000,0x000000008348a8f8,0x0000000087c00000)
 Metaspace       used 56664K, capacity 59086K, committed 59160K, reserved 1099776K
  class space    used 7728K, capacity 8160K, committed 8232K, reserved 1048576K
}

