# JRE version: Java(TM) SE Runtime Environment (8.0_221-b11) (build 1.8.0_221-b11)
# Java VM: Java HotSpot(TM) 64-Bit Server VM (25.221-b11 mixed mode windows-amd64 compressed oops)
Heap:
 PSYoungGen      total 118272K, used 64607K [0x00000000d5d80000, 0x00000000ddc80000, 0x0000000100000000)
  eden space 109056K, 50% used [0x00000000d5d80000,0x00000000d939f9f0,0x00000000dc800000)
  from space 9216K, 99% used [0x00000000dd380000,0x00000000ddc78300,0x00000000ddc80000)
  to   space 10240K, 0% used [0x00000000dc880000,0x00000000dc880000,0x00000000dd280000)
 ParOldGen       total 76288K, used 21825K [0x0000000081800000, 0x0000000086280000, 0x00000000d5d80000)
  object space 76288K, 28% used [0x0000000081800000,0x0000000082d507c0,0x0000000086280000)
 Metaspace       used 53589K, capacity 55594K, committed 55848K, reserved 1097728K
  class space    used 7301K, capacity 7678K, committed 7720K, reserved 1048576K
GC Heap History (10 events):
Event: 5.861 GC heap before
{Heap before GC invocations=8 (full 1):
 PSYoungGen      total 118272K, used 118082K [0x00000000d5d80000, 0x00000000ddc80000, 0x0000000100000000)
  eden space 109056K, 99% used [0x00000000d5d80000,0x00000000dc7f5070,0x00000000dc800000)
  from space 9216K, 98% used [0x00000000dd380000,0x00000000ddc5b9d0,0x00000000ddc80000)
  to   space 10240K, 0% used [0x00000000dc880000,0x00000000dc880000,0x00000000dd280000)
 ParOldGen       total 52224K, used 5443K [0x0000000081800000, 0x0000000084b00000, 0x00000000d5d80000)
  object space 52224K, 10% used [0x0000000081800000,0x0000000081d50f50,0x0000000084b00000)
 Metaspace       used 33398K, capacity 34980K, committed 35120K, reserved 1079296K
  class space    used 4338K, capacity 4649K, committed 4656K, reserved 1048576K
Event: 5.883 GC heap after
Heap after GC invocations=8 (full 1):
 PSYoungGen      total 119296K, used 10234K [0x00000000d5d80000, 0x00000000ddc80000, 0x0000000100000000)
  eden space 109056K, 0% used [0x00000000d5d80000,0x00000000d5d80000,0x00000000dc800000)
  from space 10240K, 99% used [0x00000000dc880000,0x00000000dd27ea40,0x00000000dd280000)
  to   space 9216K, 0% used [0x00000000dd380000,0x00000000dd380000,0x00000000ddc80000)
 ParOldGen       total 52224K, used 9699K [0x0000000081800000, 0x0000000084b00000, 0x00000000d5d80000)
  object space 52224K, 18% used [0x0000000081800000,0x0000000082178e20,0x0000000084b00000)
 Metaspace       used 33398K, capacity 34980K, committed 35120K, reserved 1079296K
  class space    used 4338K, capacity 4649K, committed 4656K, reserved 1048576K
}
Event: 5.999 GC heap before
{Heap before GC invocations=9 (full 1):
 PSYoungGen      total 119296K, used 15905K [0x00000000d5d80000, 0x00000000ddc80000, 0x0000000100000000)
  eden space 109056K, 5% used [0x00000000d5d80000,0x00000000d6309d40,0x00000000dc800000)
  from space 10240K, 99% used [0x00000000dc880000,0x00000000dd27ea40,0x00000000dd280000)
  to   space 9216K, 0% used [0x00000000dd380000,0x00000000dd380000,0x00000000ddc80000)
 ParOldGen       total 52224K, used 9699K [0x0000000081800000, 0x0000000084b00000, 0x00000000d5d80000)
  object space 52224K, 18% used [0x0000000081800000,0x0000000082178e20,0x0000000084b00000)
 Metaspace       used 33816K, capacity 35332K, committed 35496K, reserved 1079296K
  class space    used 4381K, capacity 4681K, committed 4776K, reserved 1048576K
Event: 6.016 GC heap after
Heap after GC invocations=9 (full 1):
 PSYoungGen      total 118272K, used 9209K [0x00000000d5d80000, 0x00000000ddc80000, 0x0000000100000000)
  eden space 109056K, 0% used [0x00000000d5d80000,0x00000000d5d80000,0x00000000dc800000)
  from space 9216K, 99% used [0x00000000dd380000,0x00000000ddc7e478,0x00000000ddc80000)
  to   space 10240K, 0% used [0x00000000dc880000,0x00000000dc880000,0x00000000dd280000)
 ParOldGen       total 52224K, used 11094K [0x0000000081800000, 0x0000000084b00000, 0x00000000d5d80000)
  object space 52224K, 21% used [0x0000000081800000,0x00000000822d5b68,0x0000000084b00000)
 Metaspace       used 33816K, capacity 35332K, committed 35496K, reserved 1079296K
  class space    used 4381K, capacity 4681K, committed 4776K, reserved 1048576K
}
Event: 6.016 GC heap before
{Heap before GC invocations=10 (full 2):
 PSYoungGen      total 118272K, used 9209K [0x00000000d5d80000, 0x00000000ddc80000, 0x0000000100000000)
  eden space 109056K, 0% used [0x00000000d5d80000,0x00000000d5d80000,0x00000000dc800000)
  from space 9216K, 99% used [0x00000000dd380000,0x00000000ddc7e478,0x00000000ddc80000)
  to   space 10240K, 0% used [0x00000000dc880000,0x00000000dc880000,0x00000000dd280000)
 ParOldGen       total 52224K, used 11094K [0x0000000081800000, 0x0000000084b00000, 0x00000000d5d80000)
  object space 52224K, 21% used [0x0000000081800000,0x00000000822d5b68,0x0000000084b00000)
 Metaspace       used 33816K, capacity 35332K, committed 35496K, reserved 1079296K
  class space    used 4381K, capacity 4681K, committed 4776K, reserved 1048576K
Event: 6.113 GC heap after
Heap after GC invocations=10 (full 2):
 PSYoungGen      total 118272K, used 0K [0x00000000d5d80000, 0x00000000ddc80000, 0x0000000100000000)
  eden space 109056K, 0% used [0x00000000d5d80000,0x00000000d5d80000,0x00000000dc800000)
  from space 9216K, 0% used [0x00000000dd380000,0x00000000dd380000,0x00000000ddc80000)
  to   space 10240K, 0% used [0x00000000dc880000,0x00000000dc880000,0x00000000dd280000)
 ParOldGen       total 76288K, used 15853K [0x0000000081800000, 0x0000000086280000, 0x00000000d5d80000)
  object space 76288K, 20% used [0x0000000081800000,0x000000008277b6e0,0x0000000086280000)
 Metaspace       used 33816K, capacity 35332K, committed 35496K, reserved 1079296K
  class space    used 4381K, capacity 4681K, committed 4776K, reserved 1048576K
}
Event: 7.842 GC heap before
{Heap before GC invocations=11 (full 2):
 PSYoungGen      total 118272K, used 109056K [0x00000000d5d80000, 0x00000000ddc80000, 0x0000000100000000)
  eden space 109056K, 100% used [0x00000000d5d80000,0x00000000dc800000,0x00000000dc800000)
  from space 9216K, 0% used [0x00000000dd380000,0x00000000dd380000,0x00000000ddc80000)
  to   space 10240K, 0% used [0x00000000dc880000,0x00000000dc880000,0x00000000dd280000)
 ParOldGen       total 76288K, used 15853K [0x0000000081800000, 0x0000000086280000, 0x00000000d5d80000)
  object space 76288K, 20% used [0x0000000081800000,0x000000008277b6e0,0x0000000086280000)
 Metaspace       used 42924K, capacity 44646K, committed 45096K, reserved 1087488K
  class space    used 5741K, capacity 6076K, committed 6184K, reserved 1048576K
Event: 7.855 GC heap after
Heap after GC invocations=11 (full 2):
 PSYoungGen      total 119296K, used 10235K [0x00000000d5d80000, 0x00000000ddc80000, 0x0000000100000000)
  eden space 109056K, 0% used [0x00000000d5d80000,0x00000000d5d80000,0x00000000dc800000)
  from space 10240K, 99% used [0x00000000dc880000,0x00000000dd27ed90,0x00000000dd280000)
  to   space 9216K, 0% used [0x00000000dd380000,0x00000000dd380000,0x00000000ddc80000)
 ParOldGen       total 76288K, used 17576K [0x0000000081800000, 0x0000000086280000, 0x00000000d5d80000)
  object space 76288K, 23% used [0x0000000081800000,0x000000008292a000,0x0000000086280000)
 Metaspace       used 42924K, capacity 44646K, committed 45096K, reserved 1087488K
  class space    used 5741K, capacity 6076K, committed 6184K, reserved 1048576K
}
Event: 10.310 GC heap before
{Heap before GC invocations=12 (full 2):
 PSYoungGen      total 119296K, used 119291K [0x00000000d5d80000, 0x00000000ddc80000, 0x0000000100000000)
  eden space 109056K, 100% used [0x00000000d5d80000,0x00000000dc800000,0x00000000dc800000)
  from space 10240K, 99% used [0x00000000dc880000,0x00000000dd27ed90,0x00000000dd280000)
  to   space 9216K, 0% used [0x00000000dd380000,0x00000000dd380000,0x00000000ddc80000)
 ParOldGen       total 76288K, used 17576K [0x0000000081800000, 0x0000000086280000, 0x00000000d5d80000)
  object space 76288K, 23% used [0x0000000081800000,0x000000008292a000,0x0000000086280000)
 Metaspace       used 50912K, capacity 52912K, committed 53160K, reserved 1095680K
  class space    used 6942K, capacity 7331K, committed 7336K, reserved 1048576K
Event: 10.347 GC heap after
Heap after GC invocations=12 (full 2):
 PSYoungGen      total 118272K, used 9184K [0x00000000d5d80000, 0x00000000ddc80000, 0x0000000100000000)
  eden space 109056K, 0% used [0x00000000d5d80000,0x00000000d5d80000,0x00000000dc800000)
  from space 9216K, 99% used [0x00000000dd380000,0x00000000ddc78300,0x00000000ddc80000)
  to   space 10240K, 0% used [0x00000000dc880000,0x00000000dc880000,0x00000000dd280000)
 ParOldGen       total 76288K, used 21825K [0x0000000081800000, 0x0000000086280000, 0x00000000d5d80000)
  object space 76288K, 28% used [0x0000000081800000,0x0000000082d507c0,0x0000000086280000)
 Metaspace       used 50912K, capacity 52912K, committed 53160K, reserved 1095680K
  class space    used 6942K, capacity 7331K, committed 7336K, reserved 1048576K
}

